error[E0046]: not all trait items implemented, missing: `ASSOC`
  --> $DIR/type_mismatch.rs:8:1
   |
LL |     const ASSOC: usize;
   |     ------------------ `ASSOC` from trait
...
LL | impl<const N: u64> Q for [u8; N] {}
   | ^^^^^^^^^^^^^^^^^^^^^^^^^^^^^^^^ missing `ASSOC` in implementation

error[E0277]: the trait bound `[u8; 13]: Q` is not satisfied
  --> $DIR/type_mismatch.rs:12:26
   |
LL | pub fn q_user() -> [u8; <[u8; 13] as Q>::ASSOC] {}
   |                          ^^^^^^^^ the trait `Q` is not implemented for `[u8; 13]`
   |
   = help: the trait `Q` is implemented for `[u8; N]`

error[E0308]: mismatched types
  --> $DIR/type_mismatch.rs:12:20
   |
LL | pub fn q_user() -> [u8; <[u8; 13] as Q>::ASSOC] {}
   |        ------      ^^^^^^^^^^^^^^^^^^^^^^^^^^^^ expected `[u8; <[u8; 13] as Q>::ASSOC]`, found `()`
   |        |
   |        implicitly returns `()` as its body has no tail or `return` expression

error[E0308]: mismatched types
  --> $DIR/type_mismatch.rs:8:31
   |
LL | impl<const N: u64> Q for [u8; N] {}
   |                               ^ expected `usize`, found `u64`

error: aborting due to 4 previous errors

Some errors have detailed explanations: E0046, E0277, E0308.
For more information about an error, try `rustc --explain E0046`.
